

Microchip MPLAB XC8 Assembler V2.20 build 20200408173844 
                                                                                               Tue Jun 30 18:42:02 2020

Microchip MPLAB XC8 C Compiler v2.20 (Free license) build 20200408173844 Og1 
     1                           	processor	16F628A
     2                           	pagewidth 120
     3                           	opt	flic
     4                           	psect	cinit,global,class=CODE,merge=1,delta=2
     5                           	psect	cstackCOMMON,global,class=COMMON,space=1,delta=1,noexec
     6                           	psect	maintext,global,class=CODE,split=1,delta=2
     7                           	psect	config,global,abs,ovrld,class=CONFIG,space=4,delta=2,noexec
     8                           	dabs	1,0x7E,2
     9  0000                     
    10                           ; Version 2.20
    11                           ; Generated 12/02/2020 GMT
    12                           ; 
    13                           ; Copyright © 2020, Microchip Technology Inc. and its subsidiaries ("Microchip")
    14                           ; All rights reserved.
    15                           ; 
    16                           ; This software is developed by Microchip Technology Inc. and its subsidiaries ("Microch
      +                          ip").
    17                           ; 
    18                           ; Redistribution and use in source and binary forms, with or without modification, are
    19                           ; permitted provided that the following conditions are met:
    20                           ; 
    21                           ;     1. Redistributions of source code must retain the above copyright notice, this lis
      +                          t of
    22                           ;        conditions and the following disclaimer.
    23                           ; 
    24                           ;     2. Redistributions in binary form must reproduce the above copyright notice, this 
      +                          list
    25                           ;        of conditions and the following disclaimer in the documentation and/or other
    26                           ;        materials provided with the distribution.
    27                           ; 
    28                           ;     3. Microchip's name may not be used to endorse or promote products derived from th
      +                          is
    29                           ;        software without specific prior written permission.
    30                           ; 
    31                           ; THIS SOFTWARE IS PROVIDED BY MICROCHIP "AS IS" AND ANY EXPRESS OR IMPLIED WARRANTIES,
    32                           ; INCLUDING, BUT NOT LIMITED TO, THE IMPLIED WARRANTIES OF MERCHANTABILITY AND FITNESS F
      +                          OR
    33                           ; PURPOSE ARE DISCLAIMED.  IN NO EVENT SHALL MICROCHIP BE LIABLE FOR ANY DIRECT, INDIREC
      +                          T,
    34                           ; INCIDENTAL, SPECIAL, EXEMPLARY, OR CONSEQUENTIAL DAMAGES (INCLUDING BUT NOT LIMITED TO
    35                           ; PROCUREMENT OF SUBSTITUTE GOODS OR SERVICES; LOSS OF USE, DATA OR PROFITS; OR BUSINESS
    36                           ; INTERRUPTION) HOWSOEVER CAUSED AND ON ANY THEORY OF LIABILITY, WHETHER IN CONTRACT, ST
      +                          RICT
    37                           ; LIABILITY, OR TORT (INCLUDING NEGLIGENCE OR OTHERWISE) ARISING IN ANY WAY OUT OF THE U
      +                          SE OF
    38                           ; THIS SOFTWARE, EVEN IF ADVISED OF THE POSSIBILITY OF SUCH DAMAGE.
    39                           ; 
    40                           ; 
    41                           ; Code-generator required, PIC16F628A Definitions
    42                           ; 
    43                           ; SFR Addresses
    44  0000                     	;# 
    45  0001                     	;# 
    46  0002                     	;# 
    47  0003                     	;# 
    48  0004                     	;# 
    49  0005                     	;# 
    50  0006                     	;# 
    51  000A                     	;# 
    52  000B                     	;# 
    53  000C                     	;# 
    54  000E                     	;# 
    55  000E                     	;# 
    56  000F                     	;# 
    57  0010                     	;# 
    58  0011                     	;# 
    59  0012                     	;# 
    60  0015                     	;# 
    61  0015                     	;# 
    62  0016                     	;# 
    63  0017                     	;# 
    64  0018                     	;# 
    65  0019                     	;# 
    66  001A                     	;# 
    67  001F                     	;# 
    68  0081                     	;# 
    69  0085                     	;# 
    70  0086                     	;# 
    71  008C                     	;# 
    72  008E                     	;# 
    73  0092                     	;# 
    74  0098                     	;# 
    75  0099                     	;# 
    76  009A                     	;# 
    77  009B                     	;# 
    78  009C                     	;# 
    79  009D                     	;# 
    80  009F                     	;# 
    81  0000                     	;# 
    82  0001                     	;# 
    83  0002                     	;# 
    84  0003                     	;# 
    85  0004                     	;# 
    86  0005                     	;# 
    87  0006                     	;# 
    88  000A                     	;# 
    89  000B                     	;# 
    90  000C                     	;# 
    91  000E                     	;# 
    92  000E                     	;# 
    93  000F                     	;# 
    94  0010                     	;# 
    95  0011                     	;# 
    96  0012                     	;# 
    97  0015                     	;# 
    98  0015                     	;# 
    99  0016                     	;# 
   100  0017                     	;# 
   101  0018                     	;# 
   102  0019                     	;# 
   103  001A                     	;# 
   104  001F                     	;# 
   105  0081                     	;# 
   106  0085                     	;# 
   107  0086                     	;# 
   108  008C                     	;# 
   109  008E                     	;# 
   110  0092                     	;# 
   111  0098                     	;# 
   112  0099                     	;# 
   113  009A                     	;# 
   114  009B                     	;# 
   115  009C                     	;# 
   116  009D                     	;# 
   117  009F                     	;# 
   118  0005                     _PORTAbits	set	5
   119  0006                     _PORTBbits	set	6
   120  0006                     _PORTB	set	6
   121  0005                     _PORTA	set	5
   122  0086                     _TRISB	set	134
   123  0085                     _TRISA	set	133
   124                           
   125                           	psect	cinit
   126  07FE                     start_initialization:	
   127                           ; #config settings
   128                           
   129  07FE                     __initialization:
   130  07FE                     end_of_initialization:	
   131                           ;End of C runtime variable initialization code
   132                           
   133  07FE                     __end_of__initialization:
   134  07FE  0183               	clrf	3
   135  07FF  2FBA               	ljmp	_main	;jump to C main() function
   136                           
   137                           	psect	cstackCOMMON
   138  0070                     __pcstackCOMMON:
   139  0070                     ?_main:
   140  0070                     ??_main:	
   141                           ; 1 bytes @ 0x0
   142                           
   143                           
   144                           ; 1 bytes @ 0x0
   145  0070                     	ds	3
   146                           
   147                           	psect	maintext
   148  07BA                     __pmaintext:	
   149 ;;
   150 ;;Main: autosize = 0, tempsize = 3, incstack = 0, save=0
   151 ;;
   152 ;; *************** function _main *****************
   153 ;; Defined at:
   154 ;;		line 28 in file "main.c"
   155 ;; Parameters:    Size  Location     Type
   156 ;;		None
   157 ;; Auto vars:     Size  Location     Type
   158 ;;		None
   159 ;; Return value:  Size  Location     Type
   160 ;;                  1    wreg      void 
   161 ;; Registers used:
   162 ;;		wreg, status,2
   163 ;; Tracked objects:
   164 ;;		On entry : B00/0
   165 ;;		On exit  : 0/0
   166 ;;		Unchanged: 0/0
   167 ;; Data sizes:     COMMON   BANK0   BANK1   BANK2
   168 ;;      Params:         0       0       0       0
   169 ;;      Locals:         0       0       0       0
   170 ;;      Temps:          3       0       0       0
   171 ;;      Totals:         3       0       0       0
   172 ;;Total ram usage:        3 bytes
   173 ;; This function calls:
   174 ;;		Nothing
   175 ;; This function is called by:
   176 ;;		Startup code after reset
   177 ;; This function uses a non-reentrant model
   178 ;;
   179                           
   180                           
   181                           ;psect for function _main
   182  07BA                     _main:
   183  07BA                     l614:	
   184                           ;incstack = 0
   185                           ; Regs used in _main: [wreg+status,2]
   186                           
   187                           
   188                           ;main.c: 29:     TRISA = 0xff;
   189  07BA  30FF               	movlw	255
   190  07BB  1683               	bsf	3,5	;RP0=1, select bank1
   191  07BC  1303               	bcf	3,6	;RP1=0, select bank1
   192  07BD  0085               	movwf	5	;volatile
   193  07BE                     l616:
   194                           
   195                           ;main.c: 30:     TRISB = 0x00;
   196  07BE  0186               	clrf	6	;volatile
   197  07BF                     l618:
   198                           
   199                           ;main.c: 31:     PORTA = 0b00001111;
   200  07BF  300F               	movlw	15
   201  07C0  1283               	bcf	3,5	;RP0=0, select bank0
   202  07C1  1303               	bcf	3,6	;RP1=0, select bank0
   203  07C2  0085               	movwf	5	;volatile
   204  07C3                     l620:
   205                           
   206                           ;main.c: 32:     PORTB = 0b00001111;
   207  07C3  300F               	movlw	15
   208  07C4  0086               	movwf	6	;volatile
   209  07C5                     l622:
   210                           
   211                           ;main.c: 35:         PORTBbits.RB0 = PORTAbits.RA1;
   212  07C5  1283               	bcf	3,5	;RP0=0, select bank0
   213  07C6  1303               	bcf	3,6	;RP1=0, select bank0
   214  07C7  1885               	btfsc	5,1	;volatile
   215  07C8  2FCA               	goto	u11
   216  07C9  2FCE               	goto	u10
   217  07CA                     u11:
   218  07CA  1283               	bcf	3,5	;RP0=0, select bank0
   219  07CB  1303               	bcf	3,6	;RP1=0, select bank0
   220  07CC  1406               	bsf	6,0	;volatile
   221  07CD  2FD1               	goto	u24
   222  07CE                     u10:
   223  07CE  1283               	bcf	3,5	;RP0=0, select bank0
   224  07CF  1303               	bcf	3,6	;RP1=0, select bank0
   225  07D0  1006               	bcf	6,0	;volatile
   226  07D1                     u24:
   227  07D1                     l624:
   228                           
   229                           ;main.c: 36:         PORTBbits.RB1 = PORTAbits.RA2;
   230  07D1  1905               	btfsc	5,2	;volatile
   231  07D2  2FD4               	goto	u31
   232  07D3  2FD8               	goto	u30
   233  07D4                     u31:
   234  07D4  1283               	bcf	3,5	;RP0=0, select bank0
   235  07D5  1303               	bcf	3,6	;RP1=0, select bank0
   236  07D6  1486               	bsf	6,1	;volatile
   237  07D7  2FDB               	goto	u44
   238  07D8                     u30:
   239  07D8  1283               	bcf	3,5	;RP0=0, select bank0
   240  07D9  1303               	bcf	3,6	;RP1=0, select bank0
   241  07DA  1086               	bcf	6,1	;volatile
   242  07DB                     u44:
   243  07DB                     l626:
   244                           
   245                           ;main.c: 37:         PORTBbits.RB2 = PORTAbits.RA3;
   246  07DB  1985               	btfsc	5,3	;volatile
   247  07DC  2FDE               	goto	u51
   248  07DD  2FE2               	goto	u50
   249  07DE                     u51:
   250  07DE  1283               	bcf	3,5	;RP0=0, select bank0
   251  07DF  1303               	bcf	3,6	;RP1=0, select bank0
   252  07E0  1506               	bsf	6,2	;volatile
   253  07E1  2FE5               	goto	u64
   254  07E2                     u50:
   255  07E2  1283               	bcf	3,5	;RP0=0, select bank0
   256  07E3  1303               	bcf	3,6	;RP1=0, select bank0
   257  07E4  1106               	bcf	6,2	;volatile
   258  07E5                     u64:
   259  07E5                     l628:
   260                           
   261                           ;main.c: 38:         PORTBbits.RB3 = PORTAbits.RA4;
   262  07E5  1A05               	btfsc	5,4	;volatile
   263  07E6  2FE8               	goto	u71
   264  07E7  2FEC               	goto	u70
   265  07E8                     u71:
   266  07E8  1283               	bcf	3,5	;RP0=0, select bank0
   267  07E9  1303               	bcf	3,6	;RP1=0, select bank0
   268  07EA  1586               	bsf	6,3	;volatile
   269  07EB  2FEF               	goto	u84
   270  07EC                     u70:
   271  07EC  1283               	bcf	3,5	;RP0=0, select bank0
   272  07ED  1303               	bcf	3,6	;RP1=0, select bank0
   273  07EE  1186               	bcf	6,3	;volatile
   274  07EF                     u84:
   275  07EF                     l630:
   276                           
   277                           ;main.c: 39:         _delay((unsigned long)((500)*(4000000/4000.0)));
   278  07EF  3003               	movlw	3
   279  07F0  00F2               	movwf	??_main+2
   280  07F1  308A               	movlw	138
   281  07F2  00F1               	movwf	??_main+1
   282  07F3  3055               	movlw	85
   283  07F4  00F0               	movwf	??_main
   284  07F5                     u97:
   285  07F5  0BF0               	decfsz	??_main,f
   286  07F6  2FF5               	goto	u97
   287  07F7  0BF1               	decfsz	??_main+1,f
   288  07F8  2FF5               	goto	u97
   289  07F9  0BF2               	decfsz	??_main+2,f
   290  07FA  2FF5               	goto	u97
   291  07FB  2FFC               	nop2
   292  07FC  2FC5               	goto	l622
   293  07FD  2800               	ljmp	start
   294  07FE                     __end_of_main:
   295  007E                     btemp	set	126	;btemp
   296  007E                     wtemp0	set	126
   297                           
   298                           	psect	config
   299                           
   300                           ;Config register CONFIG @ 0x2007
   301                           ;	Oscillator Selection bits
   302                           ;	FOSC = INTOSCIO, INTOSC oscillator: I/O function on RA6/OSC2/CLKOUT pin, I/O function 
      +                          on RA7/OSC1/CLKIN
   303                           ;	Watchdog Timer Enable bit
   304                           ;	WDTE = OFF, WDT disabled
   305                           ;	Power-up Timer Enable bit
   306                           ;	PWRTE = OFF, PWRT disabled
   307                           ;	RA5/MCLR/VPP Pin Function Select bit
   308                           ;	MCLRE = ON, RA5/MCLR/VPP pin function is MCLR
   309                           ;	Brown-out Detect Enable bit
   310                           ;	BOREN = ON, BOD enabled
   311                           ;	Low-Voltage Programming Enable bit
   312                           ;	LVP = ON, RB4/PGM pin has PGM function, low-voltage programming enabled
   313                           ;	Data EE Memory Code Protection bit
   314                           ;	CPD = OFF, Data memory code protection off
   315                           ;	Flash Program Memory Code Protection bit
   316                           ;	CP = OFF, Code protection off
   317  2007                     	org	8199
   318  2007  3FF8               	dw	16376

Data Sizes:
    Strings     0
    Constant    0
    Data        0
    BSS         0
    Persistent  0
    Stack       0

Auto Spaces:
    Space          Size  Autos    Used
    COMMON           14      3       3
    BANK0            80      0       0
    BANK1            80      0       0
    BANK2            48      0       0

Pointer List with Targets:

    None.

Critical Paths under _main in COMMON

    None.

Critical Paths under _main in BANK0

    None.

Critical Paths under _main in BANK1

    None.

Critical Paths under _main in BANK2

    None.

Call Graph Tables:

 ---------------------------------------------------------------------------------
 (Depth) Function   	        Calls       Base Space   Used Autos Params    Refs
 ---------------------------------------------------------------------------------
 (0) _main                                                 3     3      0       0
                                              0 COMMON     3     3      0
 ---------------------------------------------------------------------------------
 Estimated maximum stack depth 0
 ---------------------------------------------------------------------------------

 Call Graph Graphs:

 _main (ROOT)

 Address spaces:
Name               Size   Autos  Total    Cost      Usage
BITCOMMON            E      0       0       0        0.0%
EEDATA              80      0       0       0        0.0%
NULL                 0      0       0       0        0.0%
CODE                 0      0       0       0        0.0%
COMMON               E      3       3       1       21.4%
BITSFR0              0      0       0       1        0.0%
SFR0                 0      0       0       1        0.0%
BITSFR1              0      0       0       2        0.0%
SFR1                 0      0       0       2        0.0%
STACK                0      0       0       2        0.0%
BANK0               50      0       0       3        0.0%
BITSFR3              0      0       0       4        0.0%
SFR3                 0      0       0       4        0.0%
ABS                  0      0       0       4        0.0%
BITBANK0            50      0       0       5        0.0%
BITSFR2              0      0       0       5        0.0%
SFR2                 0      0       0       5        0.0%
BITBANK1            50      0       0       6        0.0%
BANK1               50      0       0       7        0.0%
BITBANK2            30      0       0       8        0.0%
BANK2               30      0       0       9        0.0%
DATA                 0      0       0      10        0.0%


Microchip Technology PIC Macro Assembler V2.20 build 20200408173844 
Symbol Table                                                                                   Tue Jun 30 18:42:02 2020

                     u10 07CE                       u11 07CA                       u30 07D8  
                     u31 07D4                       u24 07D1                       u50 07E2  
                     u51 07DE                       u44 07DB                       u70 07EC  
                     u71 07E8                       u64 07E5                       u84 07EF  
                     u97 07F5                      l620 07C3                      l630 07EF  
                    l622 07C5                      l614 07BA                      l624 07D1  
                    l616 07BE                      l626 07DB                      l618 07BF  
                    l628 07E5                     _main 07BA                     btemp 007E  
                   start 0000                    ?_main 0070                    _PORTA 0005  
                  _PORTB 0006                    _TRISA 0085                    _TRISB 0086  
                  status 0003                    wtemp0 007E          __initialization 07FE  
           __end_of_main 07FE                   ??_main 0070  __end_of__initialization 07FE  
         __pcstackCOMMON 0070               __pmaintext 07BA     end_of_initialization 07FE  
              _PORTAbits 0005                _PORTBbits 0006      start_initialization 07FE  
              ___latbits 0000            __size_of_main 0044  
